{
  "RSpec": {
    "coverage": {
      "/home/binding-archive-7591/tic-tac-toe-rb-online-web-sp-000/lib/tic_tac_toe.rb": [
        null,
        null,
        1,
        null,
        null,
        1,
        49,
        49,
        49,
        49,
        49,
        null,
        null,
        1,
        47,
        47,
        null,
        null,
        1,
        24,
        null,
        null,
        1,
        51,
        null,
        null,
        1,
        null,
        47,
        null,
        23,
        24,
        2,
        null,
        22,
        null,
        null,
        null,
        1,
        44,
        44,
        44,
        44,
        44,
        23,
        23,
        null,
        21,
        21,
        null,
        null,
        null,
        null,
        44,
        null,
        null,
        1,
        23,
        23,
        207,
        42,
        null,
        null,
        23,
        null,
        null,
        1,
        22,
        22,
        15,
        null,
        7,
        null,
        null,
        null,
        1,
        91,
        6,
        85,
        0,
        85,
        3,
        82,
        3,
        79,
        1,
        78,
        2,
        76,
        2,
        74,
        2,
        null,
        null,
        null,
        null,
        null,
        1,
        89,
        89,
        347,
        265,
        null,
        82,
        null,
        null,
        89,
        null,
        1,
        null,
        47,
        6,
        41,
        4,
        null,
        37,
        null,
        null,
        null,
        1,
        17,
        2,
        15,
        0,
        null,
        null,
        null,
        15,
        1,
        null,
        null,
        null,
        null,
        null,
        null,
        1,
        28,
        28,
        null,
        null,
        11,
        null,
        null,
        null,
        null,
        1,
        null,
        null,
        11,
        null,
        3,
        1,
        2,
        2,
        null,
        8,
        2,
        null,
        null,
        null,
        6,
        6,
        6,
        null,
        null,
        6,
        6,
        6,
        null,
        6,
        6,
        6,
        null,
        6,
        6,
        6,
        null,
        6,
        6,
        6,
        null,
        6,
        6,
        6,
        null,
        6,
        6,
        6,
        null,
        null,
        null,
        null,
        null,
        null,
        null,
        null,
        null,
        null,
        null,
        null,
        null,
        null,
        null,
        null,
        null,
        null,
        null,
        null,
        null,
        null,
        null,
        null,
        null
      ]
    },
    "timestamp": 1581905018
  }
}
